This is pdfTeX, Version 3.14159265-2.6-1.40.19 (TeX Live 2018/W32TeX) (preloaded format=latex 2018.12.25)  21 FEB 2019 20:34
entering extended mode
 restricted \write18 enabled.
 %&-line parsing enabled.
**Achievement.tex
(./Achievement.tex
LaTeX2e <2018-12-01>
! Undefined control sequence.
l.1 \chapter
            {æ”»è¯»ç¡•å£«å­¦ä½æœŸé—´å–å¾—çš„ç§‘ç ”æˆæœ}\label{achievement}
The control sequence at the end of the top line
of your error message was never \def'ed. If you have
misspelled it (e.g., `\hobx'), type `I' and the correct
spelling (e.g., `I\hbox'). Otherwise just continue,
and I'll forget about whatever was undefined.


! Package inputenc Error: Unicode character æ”» (U+653B)
(inputenc)                not set up for use with LaTeX.

See the inputenc package documentation for explanation.
Type  H <return>  for immediate help.
 ...                                              
                                                  
l.1 \chapter{æ”»
                è¯»ç¡•å£«å­¦ä½æœŸé—´å–å¾—çš„ç§‘ç ”æˆæœ}\label{achievement}
You may provide a definition with
\DeclareUnicodeCharacter 


! Package inputenc Error: Unicode character è¯» (U+8BFB)
(inputenc)                not set up for use with LaTeX.

See the inputenc package documentation for explanation.
Type  H <return>  for immediate help.
 ...                                              
                                                  
l.1 \chapter{æ”»è¯»
                   ç¡•å£«å­¦ä½æœŸé—´å–å¾—çš„ç§‘ç ”æˆæœ}\label{achievement}
You may provide a definition with
\DeclareUnicodeCharacter 


! Package inputenc Error: Unicode character ç¡• (U+7855)
(inputenc)                not set up for use with LaTeX.

See the inputenc package documentation for explanation.
Type  H <return>  for immediate help.
 ...                                              
                                                  
l.1 \chapter{æ”»è¯»ç¡•
                      å£«å­¦ä½æœŸé—´å–å¾—çš„ç§‘ç ”æˆæœ}\label{achievement}
You may provide a definition with
\DeclareUnicodeCharacter 


! Package inputenc Error: Unicode character å£« (U+58EB)
(inputenc)                not set up for use with LaTeX.

See the inputenc package documentation for explanation.
Type  H <return>  for immediate help.
 ...                                              
                                                  
l.1 \chapter{æ”»è¯»ç¡•å£«
                         å­¦ä½æœŸé—´å–å¾—çš„ç§‘ç ”æˆæœ}\label{achievement}
You may provide a definition with
\DeclareUnicodeCharacter 


! Package inputenc Error: Unicode character å­¦ (U+5B66)
(inputenc)                not set up for use with LaTeX.

See the inputenc package documentation for explanation.
Type  H <return>  for immediate help.
 ...                                              
                                                  
l.1 \chapter{æ”»è¯»ç¡•å£«å­¦
                            ä½æœŸé—´å–å¾—çš„ç§‘ç ”æˆæœ}\label{achievement}
You may provide a definition with
\DeclareUnicodeCharacter 


! Package inputenc Error: Unicode character ä½ (U+4F4D)
(inputenc)                not set up for use with LaTeX.

See the inputenc package documentation for explanation.
Type  H <return>  for immediate help.
 ...                                              
                                                  
l.1 \chapter{æ”»è¯»ç¡•å£«å­¦ä½
                               æœŸé—´å–å¾—çš„ç§‘ç ”æˆæœ}\label{achievement}
You may provide a definition with
\DeclareUnicodeCharacter 


! Package inputenc Error: Unicode character æœŸ (U+671F)
(inputenc)                not set up for use with LaTeX.

See the inputenc package documentation for explanation.
Type  H <return>  for immediate help.
 ...                                              
                                                  
l.1 \chapter{æ”»è¯»ç¡•å£«å­¦ä½æœŸ
                                  é—´å–å¾—çš„ç§‘ç ”æˆæœ}\label{achievement}
You may provide a definition with
\DeclareUnicodeCharacter 


! Package inputenc Error: Unicode character é—´ (U+95F4)
(inputenc)                not set up for use with LaTeX.

See the inputenc package documentation for explanation.
Type  H <return>  for immediate help.
 ...                                              
                                                  
l.1 \chapter{æ”»è¯»ç¡•å£«å­¦ä½æœŸé—´
                                     å–å¾—çš„ç§‘ç ”æˆæœ}\label{achievement}
You may provide a definition with
\DeclareUnicodeCharacter 


! Package inputenc Error: Unicode character å– (U+53D6)
(inputenc)                not set up for use with LaTeX.

See the inputenc package documentation for explanation.
Type  H <return>  for immediate help.
 ...                                              
                                                  
l.1 \chapter{æ”»è¯»ç¡•å£«å­¦ä½æœŸé—´å–
                                        å¾—çš„ç§‘ç ”æˆæœ}\label{achievement}
You may provide a definition with
\DeclareUnicodeCharacter 


! Package inputenc Error: Unicode character å¾— (U+5F97)
(inputenc)                not set up for use with LaTeX.

See the inputenc package documentation for explanation.
Type  H <return>  for immediate help.
 ...                                              
                                                  
l.1 \chapter{æ”»è¯»ç¡•å£«å­¦ä½æœŸé—´å–å¾—
                                           çš„ç§‘ç ”æˆæœ}\label{achievement}
You may provide a definition with
\DeclareUnicodeCharacter 


! Package inputenc Error: Unicode character çš„ (U+7684)
(inputenc)                not set up for use with LaTeX.

See the inputenc package documentation for explanation.
Type  H <return>  for immediate help.
 ...                                              
                                                  
l.1 \chapter{æ”»è¯»ç¡•å£«å­¦ä½æœŸé—´å–å¾—çš„
                                              ç§‘ç ”æˆæœ}\label{achievement}
You may provide a definition with
\DeclareUnicodeCharacter 


! Package inputenc Error: Unicode character ç§‘ (U+79D1)
(inputenc)                not set up for use with LaTeX.

See the inputenc package documentation for explanation.
Type  H <return>  for immediate help.
 ...                                              
                                                  
l.1 \chapter{æ”»è¯»ç¡•å£«å­¦ä½æœŸé—´å–å¾—çš„ç§‘
                                                 ç ”æˆæœ}\label{achievement}
You may provide a definition with
\DeclareUnicodeCharacter 


! Package inputenc Error: Unicode character ç ” (U+7814)
(inputenc)                not set up for use with LaTeX.

See the inputenc package documentation for explanation.
Type  H <return>  for immediate help.
 ...                                              
                                                  
l.1 ...ter{æ”»è¯»ç¡•å£«å­¦ä½æœŸé—´å–å¾—çš„ç§‘ç ”
                                                  æˆæœ}\label{achievement}
You may provide a definition with
\DeclareUnicodeCharacter 


! Package inputenc Error: Unicode character æˆ (U+6210)
(inputenc)                not set up for use with LaTeX.

See the inputenc package documentation for explanation.
Type  H <return>  for immediate help.
 ...                                              
                                                  
l.1 ...{æ”»è¯»ç¡•å£«å­¦ä½æœŸé—´å–å¾—çš„ç§‘ç ”æˆ
                                                  æœ}\label{achievement}
You may provide a definition with
\DeclareUnicodeCharacter 


! Package inputenc Error: Unicode character æœ (U+679C)
(inputenc)                not set up for use with LaTeX.

See the inputenc package documentation for explanation.
Type  H <return>  for immediate help.
 ...                                              
                                                  
l.1 ...»è¯»ç¡•å£«å­¦ä½æœŸé—´å–å¾—çš„ç§‘ç ”æˆæœ
                                                  }\label{achievement}
You may provide a definition with
\DeclareUnicodeCharacter 

! Undefined control sequence.
l.4 \section
            *{1.å‘è¡¨å­¦æœ¯è®ºæ–‡}
The control sequence at the end of the top line
of your error message was never \def'ed. If you have
misspelled it (e.g., `\hobx'), type `I' and the correct
spelling (e.g., `I\hbox'). Otherwise just continue,
and I'll forget about whatever was undefined.


! LaTeX Error: Missing \begin{document}.

See the LaTeX manual or LaTeX Companion for explanation.
Type  H <return>  for immediate help.
 ...                                              
                                                  
l.4 \section*
             {1.å‘è¡¨å­¦æœ¯è®ºæ–‡}
You're in trouble here.  Try typing  <return>  to proceed.
If that doesn't work, type  X <return>  to quit.

Missing character: There is no * in font nullfont!
Missing character: There is no 1 in font nullfont!
Missing character: There is no . in font nullfont!

! Package inputenc Error: Unicode character å‘ (U+53D1)
(inputenc)                not set up for use with LaTeX.

See the inputenc package documentation for explanation.
Type  H <return>  for immediate help.
 ...                                              
                                                  
l.4 \section*{1.å‘
                   è¡¨å­¦æœ¯è®ºæ–‡}
You may provide a definition with
\DeclareUnicodeCharacter 


! Package inputenc Error: Unicode character è¡¨ (U+8868)
(inputenc)                not set up for use with LaTeX.

See the inputenc package documentation for explanation.
Type  H <return>  for immediate help.
 ...                                              
                                                  
l.4 \section*{1.å‘è¡¨
                      å­¦æœ¯è®ºæ–‡}
You may provide a definition with
\DeclareUnicodeCharacter 


! Package inputenc Error: Unicode character å­¦ (U+5B66)
(inputenc)                not set up for use with LaTeX.

See the inputenc package documentation for explanation.
Type  H <return>  for immediate help.
 ...                                              
                                                  
l.4 \section*{1.å‘è¡¨å­¦
                         æœ¯è®ºæ–‡}
You may provide a definition with
\DeclareUnicodeCharacter 


! Package inputenc Error: Unicode character æœ¯ (U+672F)
(inputenc)                not set up for use with LaTeX.

See the inputenc package documentation for explanation.
Type  H <return>  for immediate help.
 ...                                              
                                                  
l.4 \section*{1.å‘è¡¨å­¦æœ¯
                            è®ºæ–‡}
You may provide a definition with
\DeclareUnicodeCharacter 


! Package inputenc Error: Unicode character è®º (U+8BBA)
(inputenc)                not set up for use with LaTeX.

See the inputenc package documentation for explanation.
Type  H <return>  for immediate help.
 ...                                              
                                                  
l.4 \section*{1.å‘è¡¨å­¦æœ¯è®º
                               æ–‡}
You may provide a definition with
\DeclareUnicodeCharacter 


! Package inputenc Error: Unicode character æ–‡ (U+6587)
(inputenc)                not set up for use with LaTeX.

See the inputenc package documentation for explanation.
Type  H <return>  for immediate help.
 ...                                              
                                                  
l.4 \section*{1.å‘è¡¨å­¦æœ¯è®ºæ–‡
                                  }
You may provide a definition with
\DeclareUnicodeCharacter 


Overfull \hbox (20.0pt too wide) in paragraph at lines 4--5
[] 
 []


! LaTeX Error: Missing \begin{document}.

See the LaTeX manual or LaTeX Companion for explanation.
Type  H <return>  for immediate help.
 ...                                              
                                                  
l.6 [
     1] ucasthesis: A LaTeX Thesis Template for the University of Chinese Ac...

You're in trouble here.  Try typing  <return>  to proceed.
If that doesn't work, type  X <return>  to quit.

Missing character: There is no [ in font nullfont!
Missing character: There is no 1 in font nullfont!
Missing character: There is no ] in font nullfont!
Missing character: There is no u in font nullfont!
Missing character: There is no c in font nullfont!
Missing character: There is no a in font nullfont!
Missing character: There is no s in font nullfont!
Missing character: There is no t in font nullfont!
Missing character: There is no h in font nullfont!
Missing character: There is no e in font nullfont!
Missing character: There is no s in font nullfont!
Missing character: There is no i in font nullfont!
Missing character: There is no s in font nullfont!
Missing character: There is no : in font nullfont!
Missing character: There is no A in font nullfont!
Missing character: There is no L in font nullfont!
Missing character: There is no a in font nullfont!
Missing character: There is no T in font nullfont!
Missing character: There is no e in font nullfont!
Missing character: There is no X in font nullfont!
Missing character: There is no T in font nullfont!
Missing character: There is no h in font nullfont!
Missing character: There is no e in font nullfont!
Missing character: There is no s in font nullfont!
Missing character: There is no i in font nullfont!
Missing character: There is no s in font nullfont!
Missing character: There is no T in font nullfont!
Missing character: There is no e in font nullfont!
Missing character: There is no m in font nullfont!
Missing character: There is no p in font nullfont!
Missing character: There is no l in font nullfont!
Missing character: There is no a in font nullfont!
Missing character: There is no t in font nullfont!
Missing character: There is no e in font nullfont!
Missing character: There is no f in font nullfont!
Missing character: There is no o in font nullfont!
Missing character: There is no r in font nullfont!
Missing character: There is no t in font nullfont!
Missing character: There is no h in font nullfont!
Missing character: There is no e in font nullfont!
Missing character: There is no U in font nullfont!
Missing character: There is no n in font nullfont!
Missing character: There is no i in font nullfont!
Missing character: There is no v in font nullfont!
Missing character: There is no e in font nullfont!
Missing character: There is no r in font nullfont!
Missing character: There is no s in font nullfont!
Missing character: There is no i in font nullfont!
Missing character: There is no t in font nullfont!
Missing character: There is no y in font nullfont!
Missing character: There is no o in font nullfont!
Missing character: There is no f in font nullfont!
Missing character: There is no C in font nullfont!
Missing character: There is no h in font nullfont!
Missing character: There is no i in font nullfont!
Missing character: There is no n in font nullfont!
Missing character: There is no e in font nullfont!
Missing character: There is no s in font nullfont!
Missing character: There is no e in font nullfont!
Missing character: There is no A in font nullfont!
Missing character: There is no c in font nullfont!
Missing character: There is no a in font nullfont!
Missing character: There is no d in font nullfont!
Missing character: There is no e in font nullfont!
Missing character: There is no m in font nullfont!
Missing character: There is no y in font nullfont!
Missing character: There is no o in font nullfont!
Missing character: There is no f in font nullfont!
Missing character: There is no S in font nullfont!
Missing character: There is no c in font nullfont!
Missing character: There is no i in font nullfont!
Missing character: There is no e in font nullfont!
Missing character: There is no n in font nullfont!
Missing character: There is no c in font nullfont!
Missing character: There is no e in font nullfont!
Missing character: There is no s in font nullfont!
Missing character: There is no , in font nullfont!
Missing character: There is no 2 in font nullfont!
Missing character: There is no 0 in font nullfont!
Missing character: There is no 1 in font nullfont!
Missing character: There is no 4 in font nullfont!
Missing character: There is no . in font nullfont!

Overfull \hbox (20.0pt too wide) in paragraph at lines 6--7
[]
 []

! Undefined control sequence.
l.9 \section
            *{2.ç”³è¯·ï¼ˆæˆæƒï¼‰ä¸“åˆ©}
The control sequence at the end of the top line
of your error message was never \def'ed. If you have
misspelled it (e.g., `\hobx'), type `I' and the correct
spelling (e.g., `I\hbox'). Otherwise just continue,
and I'll forget about whatever was undefined.


! LaTeX Error: Missing \begin{document}.

See the LaTeX manual or LaTeX Companion for explanation.
Type  H <return>  for immediate help.
 ...                                              
                                                  
l.9 \section*
             {2.ç”³è¯·ï¼ˆæˆæƒï¼‰ä¸“åˆ©}
You're in trouble here.  Try typing  <return>  to proceed.
If that doesn't work, type  X <return>  to quit.

Missing character: There is no * in font nullfont!
Missing character: There is no 2 in font nullfont!
Missing character: There is no . in font nullfont!

! Package inputenc Error: Unicode character ç”³ (U+7533)
(inputenc)                not set up for use with LaTeX.

See the inputenc package documentation for explanation.
Type  H <return>  for immediate help.
 ...                                              
                                                  
l.9 \section*{2.ç”³
                   è¯·ï¼ˆæˆæƒï¼‰ä¸“åˆ©}
You may provide a definition with
\DeclareUnicodeCharacter 


! Package inputenc Error: Unicode character è¯· (U+8BF7)
(inputenc)                not set up for use with LaTeX.

See the inputenc package documentation for explanation.
Type  H <return>  for immediate help.
 ...                                              
                                                  
l.9 \section*{2.ç”³è¯·
                      ï¼ˆæˆæƒï¼‰ä¸“åˆ©}
You may provide a definition with
\DeclareUnicodeCharacter 


! Package inputenc Error: Unicode character ï¼ˆ (U+FF08)
(inputenc)                not set up for use with LaTeX.

See the inputenc package documentation for explanation.
Type  H <return>  for immediate help.
 ...                                              
                                                  
l.9 \section*{2.ç”³è¯·ï¼ˆ
                         æˆæƒï¼‰ä¸“åˆ©}
You may provide a definition with
\DeclareUnicodeCharacter 


! Package inputenc Error: Unicode character æˆ (U+6388)
(inputenc)                not set up for use with LaTeX.

See the inputenc package documentation for explanation.
Type  H <return>  for immediate help.
 ...                                              
                                                  
l.9 \section*{2.ç”³è¯·ï¼ˆæˆ
                            æƒï¼‰ä¸“åˆ©}
You may provide a definition with
\DeclareUnicodeCharacter 


! Package inputenc Error: Unicode character æƒ (U+6743)
(inputenc)                not set up for use with LaTeX.

See the inputenc package documentation for explanation.
Type  H <return>  for immediate help.
 ...                                              
                                                  
l.9 \section*{2.ç”³è¯·ï¼ˆæˆæƒ
                               ï¼‰ä¸“åˆ©}
You may provide a definition with
\DeclareUnicodeCharacter 


! Package inputenc Error: Unicode character ï¼‰ (U+FF09)
(inputenc)                not set up for use with LaTeX.

See the inputenc package documentation for explanation.
Type  H <return>  for immediate help.
 ...                                              
                                                  
l.9 \section*{2.ç”³è¯·ï¼ˆæˆæƒï¼‰
                                  ä¸“åˆ©}
You may provide a definition with
\DeclareUnicodeCharacter 


! Package inputenc Error: Unicode character ä¸“ (U+4E13)
(inputenc)                not set up for use with LaTeX.

See the inputenc package documentation for explanation.
Type  H <return>  for immediate help.
 ...                                              
                                                  
l.9 \section*{2.ç”³è¯·ï¼ˆæˆæƒï¼‰ä¸“
                                     åˆ©}
You may provide a definition with
\DeclareUnicodeCharacter 


! Package inputenc Error: Unicode character åˆ© (U+5229)
(inputenc)                not set up for use with LaTeX.

See the inputenc package documentation for explanation.
Type  H <return>  for immediate help.
 ...                                              
                                                  
l.9 \section*{2.ç”³è¯·ï¼ˆæˆæƒï¼‰ä¸“åˆ©
                                        }
You may provide a definition with
\DeclareUnicodeCharacter 


Overfull \hbox (20.0pt too wide) in paragraph at lines 9--10
[] 
 []


! Package inputenc Error: Unicode character ã€Š (U+300A)
(inputenc)                not set up for use with LaTeX.

See the inputenc package documentation for explanation.
Type  H <return>  for immediate help.
 ...                                              
                                                  
l.11 ã€Š
        ä¸€ç§ä½åˆ†è¾¨ç‡ç¯å¢ƒå¾®è¡¨æƒ…è¯†åˆ«çš„æ–¹æ³•ã€‹
You may provide a definition with
\DeclareUnicodeCharacter 


! Package inputenc Error: Unicode character ä¸€ (U+4E00)
(inputenc)                not set up for use with LaTeX.

See the inputenc package documentation for explanation.
Type  H <return>  for immediate help.
 ...                                              
                                                  
l.11 ã€Šä¸€
           ç§ä½åˆ†è¾¨ç‡ç¯å¢ƒå¾®è¡¨æƒ…è¯†åˆ«çš„æ–¹æ³•ã€‹
You may provide a definition with
\DeclareUnicodeCharacter 


! Package inputenc Error: Unicode character ç§ (U+79CD)
(inputenc)                not set up for use with LaTeX.

See the inputenc package documentation for explanation.
Type  H <return>  for immediate help.
 ...                                              
                                                  
l.11 ã€Šä¸€ç§
              ä½åˆ†è¾¨ç‡ç¯å¢ƒå¾®è¡¨æƒ…è¯†åˆ«çš„æ–¹æ³•ã€‹
You may provide a definition with
\DeclareUnicodeCharacter 


! Package inputenc Error: Unicode character ä½ (U+4F4E)
(inputenc)                not set up for use with LaTeX.

See the inputenc package documentation for explanation.
Type  H <return>  for immediate help.
 ...                                              
                                                  
l.11 ã€Šä¸€ç§ä½
                 åˆ†è¾¨ç‡ç¯å¢ƒå¾®è¡¨æƒ…è¯†åˆ«çš„æ–¹æ³•ã€‹
You may provide a definition with
\DeclareUnicodeCharacter 


! Package inputenc Error: Unicode character åˆ† (U+5206)
(inputenc)                not set up for use with LaTeX.

See the inputenc package documentation for explanation.
Type  H <return>  for immediate help.
 ...                                              
                                                  
l.11 ã€Šä¸€ç§ä½åˆ†
                    è¾¨ç‡ç¯å¢ƒå¾®è¡¨æƒ…è¯†åˆ«çš„æ–¹æ³•ã€‹
You may provide a definition with
\DeclareUnicodeCharacter 


! Package inputenc Error: Unicode character è¾¨ (U+8FA8)
(inputenc)                not set up for use with LaTeX.

See the inputenc package documentation for explanation.
Type  H <return>  for immediate help.
 ...                                              
                                                  
l.11 ã€Šä¸€ç§ä½åˆ†è¾¨
                       ç‡ç¯å¢ƒå¾®è¡¨æƒ…è¯†åˆ«çš„æ–¹æ³•ã€‹
You may provide a definition with
\DeclareUnicodeCharacter 


! Package inputenc Error: Unicode character ç‡ (U+7387)
(inputenc)                not set up for use with LaTeX.

See the inputenc package documentation for explanation.
Type  H <return>  for immediate help.
 ...                                              
                                                  
l.11 ã€Šä¸€ç§ä½åˆ†è¾¨ç‡
                          ç¯å¢ƒå¾®è¡¨æƒ…è¯†åˆ«çš„æ–¹æ³•ã€‹
You may provide a definition with
\DeclareUnicodeCharacter 


! Package inputenc Error: Unicode character ç¯ (U+73AF)
(inputenc)                not set up for use with LaTeX.

See the inputenc package documentation for explanation.
Type  H <return>  for immediate help.
 ...                                              
                                                  
l.11 ã€Šä¸€ç§ä½åˆ†è¾¨ç‡ç¯
                             å¢ƒå¾®è¡¨æƒ…è¯†åˆ«çš„æ–¹æ³•ã€‹
You may provide a definition with
\DeclareUnicodeCharacter 


! Package inputenc Error: Unicode character å¢ƒ (U+5883)
(inputenc)                not set up for use with LaTeX.

See the inputenc package documentation for explanation.
Type  H <return>  for immediate help.
 ...                                              
                                                  
l.11 ã€Šä¸€ç§ä½åˆ†è¾¨ç‡ç¯å¢ƒ
                                å¾®è¡¨æƒ…è¯†åˆ«çš„æ–¹æ³•ã€‹
You may provide a definition with
\DeclareUnicodeCharacter 


! Package inputenc Error: Unicode character å¾® (U+5FAE)
(inputenc)                not set up for use with LaTeX.

See the inputenc package documentation for explanation.
Type  H <return>  for immediate help.
 ...                                              
                                                  
l.11 ã€Šä¸€ç§ä½åˆ†è¾¨ç‡ç¯å¢ƒå¾®
                                   è¡¨æƒ…è¯†åˆ«çš„æ–¹æ³•ã€‹
You may provide a definition with
\DeclareUnicodeCharacter 


! Package inputenc Error: Unicode character è¡¨ (U+8868)
(inputenc)                not set up for use with LaTeX.

See the inputenc package documentation for explanation.
Type  H <return>  for immediate help.
 ...                                              
                                                  
l.11 ã€Šä¸€ç§ä½åˆ†è¾¨ç‡ç¯å¢ƒå¾®è¡¨
                                      æƒ…è¯†åˆ«çš„æ–¹æ³•ã€‹
You may provide a definition with
\DeclareUnicodeCharacter 


! Package inputenc Error: Unicode character æƒ… (U+60C5)
(inputenc)                not set up for use with LaTeX.

See the inputenc package documentation for explanation.
Type  H <return>  for immediate help.
 ...                                              
                                                  
l.11 ã€Šä¸€ç§ä½åˆ†è¾¨ç‡ç¯å¢ƒå¾®è¡¨æƒ…
                                         è¯†åˆ«çš„æ–¹æ³•ã€‹
You may provide a definition with
\DeclareUnicodeCharacter 


! Package inputenc Error: Unicode character è¯† (U+8BC6)
(inputenc)                not set up for use with LaTeX.

See the inputenc package documentation for explanation.
Type  H <return>  for immediate help.
 ...                                              
                                                  
l.11 ã€Šä¸€ç§ä½åˆ†è¾¨ç‡ç¯å¢ƒå¾®è¡¨æƒ…è¯†
                                            åˆ«çš„æ–¹æ³•ã€‹
You may provide a definition with
\DeclareUnicodeCharacter 


! Package inputenc Error: Unicode character åˆ« (U+522B)
(inputenc)                not set up for use with LaTeX.

See the inputenc package documentation for explanation.
Type  H <return>  for immediate help.
 ...                                              
                                                  
l.11 ã€Šä¸€ç§ä½åˆ†è¾¨ç‡ç¯å¢ƒå¾®è¡¨æƒ…è¯†åˆ«
                                               çš„æ–¹æ³•ã€‹
You may provide a definition with
\DeclareUnicodeCharacter 


! Package inputenc Error: Unicode character çš„ (U+7684)
(inputenc)                not set up for use with LaTeX.

See the inputenc package documentation for explanation.
Type  H <return>  for immediate help.
 ...                                              
                                                  
l.11 ã€Šä¸€ç§ä½åˆ†è¾¨ç‡ç¯å¢ƒå¾®è¡¨æƒ…è¯†åˆ«çš„
                                                  æ–¹æ³•ã€‹
You may provide a definition with
\DeclareUnicodeCharacter 


! Package inputenc Error: Unicode character æ–¹ (U+65B9)
(inputenc)                not set up for use with LaTeX.

See the inputenc package documentation for explanation.
Type  H <return>  for immediate help.
 ...                                              
                                                  
l.11 ...ç§ä½åˆ†è¾¨ç‡ç¯å¢ƒå¾®è¡¨æƒ…è¯†åˆ«çš„æ–¹
                                                  æ³•ã€‹
You may provide a definition with
\DeclareUnicodeCharacter 


! Package inputenc Error: Unicode character æ³• (U+6CD5)
(inputenc)                not set up for use with LaTeX.

See the inputenc package documentation for explanation.
Type  H <return>  for immediate help.
 ...                                              
                                                  
l.11 ...ä½åˆ†è¾¨ç‡ç¯å¢ƒå¾®è¡¨æƒ…è¯†åˆ«çš„æ–¹æ³•
                                                  ã€‹
You may provide a definition with
\DeclareUnicodeCharacter 


! Package inputenc Error: Unicode character ã€‹ (U+300B)
(inputenc)                not set up for use with LaTeX.

See the inputenc package documentation for explanation.
Type  H <return>  for immediate help.
 ...                                              
                                                  
l.11 ...åˆ†è¾¨ç‡ç¯å¢ƒå¾®è¡¨æƒ…è¯†åˆ«çš„æ–¹æ³•ã€‹
                                                  
You may provide a definition with
\DeclareUnicodeCharacter 

! Undefined control sequence.
l.13 \section
             *{3.å‚ä¸ç§‘ç ”é¡¹ç›®åŠç§‘ç ”è·å¥– }
The control sequence at the end of the top line
of your error message was never \def'ed. If you have
misspelled it (e.g., `\hobx'), type `I' and the correct
spelling (e.g., `I\hbox'). Otherwise just continue,
and I'll forget about whatever was undefined.


! LaTeX Error: Missing \begin{document}.

See the LaTeX manual or LaTeX Companion for explanation.
Type  H <return>  for immediate help.
 ...                                              
                                                  
l.13 \section*
              {3.å‚ä¸ç§‘ç ”é¡¹ç›®åŠç§‘ç ”è·å¥– }
You're in trouble here.  Try typing  <return>  to proceed.
If that doesn't work, type  X <return>  to quit.

Missing character: There is no * in font nullfont!
Missing character: There is no 3 in font nullfont!
Missing character: There is no . in font nullfont!

! Package inputenc Error: Unicode character å‚ (U+53C2)
(inputenc)                not set up for use with LaTeX.

See the inputenc package documentation for explanation.
Type  H <return>  for immediate help.
 ...                                              
                                                  
l.13 \section*{3.å‚
                    ä¸ç§‘ç ”é¡¹ç›®åŠç§‘ç ”è·å¥– }
You may provide a definition with
\DeclareUnicodeCharacter 


! Package inputenc Error: Unicode character ä¸ (U+4E0E)
(inputenc)                not set up for use with LaTeX.

See the inputenc package documentation for explanation.
Type  H <return>  for immediate help.
 ...                                              
                                                  
l.13 \section*{3.å‚ä¸
                       ç§‘ç ”é¡¹ç›®åŠç§‘ç ”è·å¥– }
You may provide a definition with
\DeclareUnicodeCharacter 


! Package inputenc Error: Unicode character ç§‘ (U+79D1)
(inputenc)                not set up for use with LaTeX.

See the inputenc package documentation for explanation.
Type  H <return>  for immediate help.
 ...                                              
                                                  
l.13 \section*{3.å‚ä¸ç§‘
                          ç ”é¡¹ç›®åŠç§‘ç ”è·å¥– }
You may provide a definition with
\DeclareUnicodeCharacter 


! Package inputenc Error: Unicode character ç ” (U+7814)
(inputenc)                not set up for use with LaTeX.

See the inputenc package documentation for explanation.
Type  H <return>  for immediate help.
 ...                                              
                                                  
l.13 \section*{3.å‚ä¸ç§‘ç ”
                             é¡¹ç›®åŠç§‘ç ”è·å¥– }
You may provide a definition with
\DeclareUnicodeCharacter 


! Package inputenc Error: Unicode character é¡¹ (U+9879)
(inputenc)                not set up for use with LaTeX.

See the inputenc package documentation for explanation.
Type  H <return>  for immediate help.
 ...                                              
                                                  
l.13 \section*{3.å‚ä¸ç§‘ç ”é¡¹
                                ç›®åŠç§‘ç ”è·å¥– }
You may provide a definition with
\DeclareUnicodeCharacter 


! Package inputenc Error: Unicode character ç›® (U+76EE)
(inputenc)                not set up for use with LaTeX.

See the inputenc package documentation for explanation.
Type  H <return>  for immediate help.
 ...                                              
                                                  
l.13 \section*{3.å‚ä¸ç§‘ç ”é¡¹ç›®
                                   åŠç§‘ç ”è·å¥– }
You may provide a definition with
\DeclareUnicodeCharacter 


! Package inputenc Error: Unicode character åŠ (U+53CA)
(inputenc)                not set up for use with LaTeX.

See the inputenc package documentation for explanation.
Type  H <return>  for immediate help.
 ...                                              
                                                  
l.13 \section*{3.å‚ä¸ç§‘ç ”é¡¹ç›®åŠ
                                      ç§‘ç ”è·å¥– }
You may provide a definition with
\DeclareUnicodeCharacter 


! Package inputenc Error: Unicode character ç§‘ (U+79D1)
(inputenc)                not set up for use with LaTeX.

See the inputenc package documentation for explanation.
Type  H <return>  for immediate help.
 ...                                              
                                                  
l.13 \section*{3.å‚ä¸ç§‘ç ”é¡¹ç›®åŠç§‘
                                         ç ”è·å¥– }
You may provide a definition with
\DeclareUnicodeCharacter 


! Package inputenc Error: Unicode character ç ” (U+7814)
(inputenc)                not set up for use with LaTeX.

See the inputenc package documentation for explanation.
Type  H <return>  for immediate help.
 ...                                              
                                                  
l.13 \section*{3.å‚ä¸ç§‘ç ”é¡¹ç›®åŠç§‘ç ”
                                            è·å¥– }
You may provide a definition with
\DeclareUnicodeCharacter 


! Package inputenc Error: Unicode character è· (U+83B7)
(inputenc)                not set up for use with LaTeX.

See the inputenc package documentation for explanation.
Type  H <return>  for immediate help.
 ...                                              
                                                  
l.13 \section*{3.å‚ä¸ç§‘ç ”é¡¹ç›®åŠç§‘ç ”è·
                                               å¥– }
You may provide a definition with
\DeclareUnicodeCharacter 


! Package inputenc Error: Unicode character å¥– (U+5956)
(inputenc)                not set up for use with LaTeX.

See the inputenc package documentation for explanation.
Type  H <return>  for immediate help.
 ...                                              
                                                  
l.13 \section*{3.å‚ä¸ç§‘ç ”é¡¹ç›®åŠç§‘ç ”è·å¥–
                                                   }
You may provide a definition with
\DeclareUnicodeCharacter 


Overfull \hbox (20.0pt too wide) in paragraph at lines 13--14
[]
 []


! Package inputenc Error: Unicode character å¯ (U+53EF)
(inputenc)                not set up for use with LaTeX.

See the inputenc package documentation for explanation.
Type  H <return>  for immediate help.
 ...                                              
                                                  
l.15 å¯
        ä»¥éšæ„æ·»åŠ æ–°çš„æ¡ç›®æˆ–æ˜¯ç»“æ„ã€‚
You may provide a definition with
\DeclareUnicodeCharacter 


! Package inputenc Error: Unicode character ä»¥ (U+4EE5)
(inputenc)                not set up for use with LaTeX.

See the inputenc package documentation for explanation.
Type  H <return>  for immediate help.
 ...                                              
                                                  
l.15 å¯ä»¥
           éšæ„æ·»åŠ æ–°çš„æ¡ç›®æˆ–æ˜¯ç»“æ„ã€‚
You may provide a definition with
\DeclareUnicodeCharacter 


! Package inputenc Error: Unicode character éš (U+968F)
(inputenc)                not set up for use with LaTeX.

See the inputenc package documentation for explanation.
Type  H <return>  for immediate help.
 ...                                              
                                                  
l.15 å¯ä»¥éš
              æ„æ·»åŠ æ–°çš„æ¡ç›®æˆ–æ˜¯ç»“æ„ã€‚
You may provide a definition with
\DeclareUnicodeCharacter 


! Package inputenc Error: Unicode character æ„ (U+610F)
(inputenc)                not set up for use with LaTeX.

See the inputenc package documentation for explanation.
Type  H <return>  for immediate help.
 ...                                              
                                                  
l.15 å¯ä»¥éšæ„
                 æ·»åŠ æ–°çš„æ¡ç›®æˆ–æ˜¯ç»“æ„ã€‚
You may provide a definition with
\DeclareUnicodeCharacter 


! Package inputenc Error: Unicode character æ·» (U+6DFB)
(inputenc)                not set up for use with LaTeX.

See the inputenc package documentation for explanation.
Type  H <return>  for immediate help.
 ...                                              
                                                  
l.15 å¯ä»¥éšæ„æ·»
                    åŠ æ–°çš„æ¡ç›®æˆ–æ˜¯ç»“æ„ã€‚
You may provide a definition with
\DeclareUnicodeCharacter 


! Package inputenc Error: Unicode character åŠ  (U+52A0)
(inputenc)                not set up for use with LaTeX.

See the inputenc package documentation for explanation.
Type  H <return>  for immediate help.
 ...                                              
                                                  
l.15 å¯ä»¥éšæ„æ·»åŠ 
                       æ–°çš„æ¡ç›®æˆ–æ˜¯ç»“æ„ã€‚
You may provide a definition with
\DeclareUnicodeCharacter 


! Package inputenc Error: Unicode character æ–° (U+65B0)
(inputenc)                not set up for use with LaTeX.

See the inputenc package documentation for explanation.
Type  H <return>  for immediate help.
 ...                                              
                                                  
l.15 å¯ä»¥éšæ„æ·»åŠ æ–°
                          çš„æ¡ç›®æˆ–æ˜¯ç»“æ„ã€‚
You may provide a definition with
\DeclareUnicodeCharacter 


! Package inputenc Error: Unicode character çš„ (U+7684)
(inputenc)                not set up for use with LaTeX.

See the inputenc package documentation for explanation.
Type  H <return>  for immediate help.
 ...                                              
                                                  
l.15 å¯ä»¥éšæ„æ·»åŠ æ–°çš„
                             æ¡ç›®æˆ–æ˜¯ç»“æ„ã€‚
You may provide a definition with
\DeclareUnicodeCharacter 


! Package inputenc Error: Unicode character æ¡ (U+6761)
(inputenc)                not set up for use with LaTeX.

See the inputenc package documentation for explanation.
Type  H <return>  for immediate help.
 ...                                              
                                                  
l.15 å¯ä»¥éšæ„æ·»åŠ æ–°çš„æ¡
                                ç›®æˆ–æ˜¯ç»“æ„ã€‚
You may provide a definition with
\DeclareUnicodeCharacter 


! Package inputenc Error: Unicode character ç›® (U+76EE)
(inputenc)                not set up for use with LaTeX.

See the inputenc package documentation for explanation.
Type  H <return>  for immediate help.
 ...                                              
                                                  
l.15 å¯ä»¥éšæ„æ·»åŠ æ–°çš„æ¡ç›®
                                   æˆ–æ˜¯ç»“æ„ã€‚
You may provide a definition with
\DeclareUnicodeCharacter 


! Package inputenc Error: Unicode character æˆ– (U+6216)
(inputenc)                not set up for use with LaTeX.

See the inputenc package documentation for explanation.
Type  H <return>  for immediate help.
 ...                                              
                                                  
l.15 å¯ä»¥éšæ„æ·»åŠ æ–°çš„æ¡ç›®æˆ–
                                      æ˜¯ç»“æ„ã€‚
You may provide a definition with
\DeclareUnicodeCharacter 


! Package inputenc Error: Unicode character æ˜¯ (U+662F)
(inputenc)                not set up for use with LaTeX.

See the inputenc package documentation for explanation.
Type  H <return>  for immediate help.
 ...                                              
                                                  
l.15 å¯ä»¥éšæ„æ·»åŠ æ–°çš„æ¡ç›®æˆ–æ˜¯
                                         ç»“æ„ã€‚
You may provide a definition with
\DeclareUnicodeCharacter 


! Package inputenc Error: Unicode character ç»“ (U+7ED3)
(inputenc)                not set up for use with LaTeX.

See the inputenc package documentation for explanation.
Type  H <return>  for immediate help.
 ...                                              
                                                  
l.15 å¯ä»¥éšæ„æ·»åŠ æ–°çš„æ¡ç›®æˆ–æ˜¯ç»“
                                            æ„ã€‚
You may provide a definition with
\DeclareUnicodeCharacter 


! Package inputenc Error: Unicode character æ„ (U+6784)
(inputenc)                not set up for use with LaTeX.

See the inputenc package documentation for explanation.
Type  H <return>  for immediate help.
 ...                                              
                                                  
l.15 å¯ä»¥éšæ„æ·»åŠ æ–°çš„æ¡ç›®æˆ–æ˜¯ç»“æ„
                                               ã€‚
You may provide a definition with
\DeclareUnicodeCharacter 


! Package inputenc Error: Unicode character ã€‚ (U+3002)
(inputenc)                not set up for use with LaTeX.

See the inputenc package documentation for explanation.
Type  H <return>  for immediate help.
 ...                                              
                                                  
l.15 å¯ä»¥éšæ„æ·»åŠ æ–°çš„æ¡ç›®æˆ–æ˜¯ç»“æ„ã€‚
                                                  
You may provide a definition with
\DeclareUnicodeCharacter 


! LaTeX Error: The font size command \normalsize is not defined:
               there is probably something wrong with the class file.

See the LaTeX manual or LaTeX Companion for explanation.
Type  H <return>  for immediate help.
 ...                                              
                                                  
l.20 \cleardoublepage
                     [plain]% è®©æ–‡æ¡£æ€»æ˜¯ç»“æŸäºå¶æ•°é¡µï¼Œå¯æ ¹æ®é...

Your command was ignored.
Type  I <command> <return>  to replace it with another command,
or  <return>  to continue without it.

[1
! Undefined control sequence.
<write> \newlabel{achievement}{{}{\thepage 
                                           }}
l.20 \cleardoublepage
                     [plain]% è®©æ–‡æ¡£æ€»æ˜¯ç»“æŸäºå¶æ•°é¡µï¼Œå¯æ ¹æ®é...
The control sequence at the end of the top line
of your error message was never \def'ed. If you have
misspelled it (e.g., `\hobx'), type `I' and the correct
spelling (e.g., `I\hbox'). Otherwise just continue,
and I'll forget about whatever was undefined.

\newlabel{achievement}{{}{}}
]

! LaTeX Error: Missing \begin{document}.

See the LaTeX manual or LaTeX Companion for explanation.
Type  H <return>  for immediate help.
 ...                                              
                                                  
l.20 \cleardoublepage[
                      plain]% è®©æ–‡æ¡£æ€»æ˜¯ç»“æŸäºå¶æ•°é¡µï¼Œå¯æ ¹æ®é...

You're in trouble here.  Try typing  <return>  to proceed.
If that doesn't work, type  X <return>  to quit.

Missing character: There is no [ in font nullfont!
Missing character: There is no p in font nullfont!
Missing character: There is no l in font nullfont!
Missing character: There is no a in font nullfont!
Missing character: There is no i in font nullfont!
Missing character: There is no n in font nullfont!
Missing character: There is no ] in font nullfont!
)
! Emergency stop.
<*> Achievement.tex
                   
*** (job aborted, no legal \end found)

 
Here is how much of TeX's memory you used:
 71 strings out of 492617
 553 string characters out of 6132793
 57751 words of memory out of 5000000
 4082 multiletter control sequences out of 15000+600000
 3640 words of font info for 14 fonts, out of 8000000 for 9000
 1141 hyphenation exceptions out of 8191
 21i,4n,14p,155b,115s stack positions out of 5000i,500n,10000p,200000b,80000s
Output written on Achievement.dvi (1 page, 148 bytes).
