\BOOKMARK [0][-]{chapter*.1}{\376\377\144\130\000\040\211\201}{}% 1
\BOOKMARK [0][-]{chapter*.2}{ABSTRACT}{}% 2
\BOOKMARK [0][-]{section*.3}{\376\377\143\322\126\376\175\042\137\025}{}% 3
\BOOKMARK [0][-]{section*.5}{\376\377\210\150\150\074\175\042\137\025}{}% 4
\BOOKMARK [0][-]{chapter*.7}{\376\377\173\046\123\367\133\371\161\147\210\150}{}% 5
\BOOKMARK [0][-]{chapter*.8}{\376\377\177\051\165\145\213\355\133\371\161\147\210\150}{}% 6
\BOOKMARK [0][-]{chapter.1}{\376\377\173\054\116\000\172\340\000\040\000\040\176\352\213\272}{}% 7
\BOOKMARK [1][-]{section.1.1}{\376\377\0001\000.\0001\000\040\170\024\172\166\200\314\146\157\116\016\141\017\116\111}{chapter.1}% 8
\BOOKMARK [2][-]{subsection.1.1.1}{\376\377\0001\000.\0001\000.\0001\000\040\137\256\210\150\140\305\170\024\172\166\166\204\141\017\116\111}{section.1.1}% 9
\BOOKMARK [2][-]{subsection.1.1.2}{\376\377\0001\000.\0001\000.\0002\000\040\213\241\173\227\147\072\211\306\211\311\133\371\137\256\210\150\140\305\170\024\172\166\166\204\141\017\116\111}{section.1.1}% 10
\BOOKMARK [1][-]{section.1.2}{\376\377\0001\000.\0002\000\040\126\375\121\205\131\026\170\024\172\166\163\260\162\266}{chapter.1}% 11
\BOOKMARK [1][-]{section.1.3}{\376\377\0001\000.\0003\000\040\147\054\145\207\166\204\170\024\172\166\121\205\133\271}{chapter.1}% 12
\BOOKMARK [0][-]{chapter.2}{\376\377\173\054\116\214\172\340\000\040\000\040\166\370\121\163\135\345\117\134}{}% 13
\BOOKMARK [1][-]{section.2.1}{\376\377\0002\000.\0001\000\040\121\110\213\325\213\325\145\110\147\234}{chapter.2}% 14
\BOOKMARK [1][-]{section.2.2}{\376\377\0002\000.\0002\000\040\145\207\150\143\166\356\137\125\173\200\116\313}{chapter.2}% 15
\BOOKMARK [2][-]{subsection.2.2.1}{2.2.1\040Thesis.tex}{section.2.2}% 16
\BOOKMARK [2][-]{subsection.2.2.2}{\376\377\0002\000.\0002\000.\0002\000\040\177\026\213\321\201\032\147\054}{section.2.2}% 17
\BOOKMARK [2][-]{subsection.2.2.3}{\376\377\0002\000.\0002\000.\0003\000\040\000T\000m\000p\145\207\116\366\131\071}{section.2.2}% 18
\BOOKMARK [2][-]{subsection.2.2.4}{\376\377\0002\000.\0002\000.\0004\000\040\000S\000t\000y\000l\000e\145\207\116\366\131\071}{section.2.2}% 19
\BOOKMARK [2][-]{subsection.2.2.5}{\376\377\0002\000.\0002\000.\0005\000\040\000T\000e\000x\145\207\116\366\131\071}{section.2.2}% 20
\BOOKMARK [2][-]{subsection.2.2.6}{\376\377\0002\000.\0002\000.\0006\000\040\000I\000m\000g\145\207\116\366\131\071}{section.2.2}% 21
\BOOKMARK [2][-]{subsection.2.2.7}{\376\377\0002\000.\0002\000.\0007\000\040\000B\000i\000b\000l\000i\000o\145\207\116\366\131\071}{section.2.2}% 22
\BOOKMARK [1][-]{section.2.3}{\376\377\0002\000.\0003\000\040\145\160\133\146\121\154\137\017\060\001\126\376\210\150\060\001\123\302\200\003\145\207\163\056\173\111\122\237\200\375}{chapter.2}% 23
\BOOKMARK [2][-]{subsection.2.3.1}{\376\377\0002\000.\0003\000.\0001\000\040\145\160\133\146\121\154\137\017}{section.2.3}% 24
\BOOKMARK [2][-]{subsection.2.3.2}{\376\377\0002\000.\0003\000.\0002\000\040\210\150\150\074}{section.2.3}% 25
\BOOKMARK [2][-]{subsection.2.3.3}{\376\377\0002\000.\0003\000.\0003\000\040\126\376\162\107\143\322\121\145}{section.2.3}% 26
\BOOKMARK [2][-]{subsection.2.3.4}{\376\377\0002\000.\0003\000.\0004\000\040\173\227\154\325}{section.2.3}% 27
\BOOKMARK [2][-]{subsection.2.3.5}{\376\377\0002\000.\0003\000.\0005\000\040\123\302\200\003\145\207\163\056\137\025\165\050}{section.2.3}% 28
\BOOKMARK [1][-]{section.2.4}{\376\377\0002\000.\0004\000\040\136\070\211\301\117\177\165\050\225\356\230\230}{chapter.2}% 29
\BOOKMARK [0][-]{chapter.3}{\376\377\173\054\116\011\172\340\000\040\000\040\116\052\116\272\170\024\172\166}{}% 30
\BOOKMARK [1][-]{section.3.1}{\376\377\0003\000.\0001\000\040\121\110\213\325\213\325\145\110\147\234}{chapter.3}% 31
\BOOKMARK [1][-]{section.3.2}{\376\377\0003\000.\0002\000\040\145\207\150\143\166\356\137\125\173\200\116\313}{chapter.3}% 32
\BOOKMARK [2][-]{subsection.3.2.1}{3.2.1\040Thesis.tex}{section.3.2}% 33
\BOOKMARK [2][-]{subsection.3.2.2}{\376\377\0003\000.\0002\000.\0002\000\040\177\026\213\321\201\032\147\054}{section.3.2}% 34
\BOOKMARK [2][-]{subsection.3.2.3}{\376\377\0003\000.\0002\000.\0003\000\040\000T\000m\000p\145\207\116\366\131\071}{section.3.2}% 35
\BOOKMARK [2][-]{subsection.3.2.4}{\376\377\0003\000.\0002\000.\0004\000\040\000S\000t\000y\000l\000e\145\207\116\366\131\071}{section.3.2}% 36
\BOOKMARK [2][-]{subsection.3.2.5}{\376\377\0003\000.\0002\000.\0005\000\040\000T\000e\000x\145\207\116\366\131\071}{section.3.2}% 37
\BOOKMARK [2][-]{subsection.3.2.6}{\376\377\0003\000.\0002\000.\0006\000\040\000I\000m\000g\145\207\116\366\131\071}{section.3.2}% 38
\BOOKMARK [2][-]{subsection.3.2.7}{\376\377\0003\000.\0002\000.\0007\000\040\000B\000i\000b\000l\000i\000o\145\207\116\366\131\071}{section.3.2}% 39
\BOOKMARK [1][-]{section.3.3}{\376\377\0003\000.\0003\000\040\145\160\133\146\121\154\137\017\060\001\126\376\210\150\060\001\123\302\200\003\145\207\163\056\173\111\122\237\200\375}{chapter.3}% 40
\BOOKMARK [2][-]{subsection.3.3.1}{\376\377\0003\000.\0003\000.\0001\000\040\145\160\133\146\121\154\137\017}{section.3.3}% 41
\BOOKMARK [2][-]{subsection.3.3.2}{\376\377\0003\000.\0003\000.\0002\000\040\210\150\150\074}{section.3.3}% 42
\BOOKMARK [2][-]{subsection.3.3.3}{\376\377\0003\000.\0003\000.\0003\000\040\126\376\162\107\143\322\121\145}{section.3.3}% 43
\BOOKMARK [2][-]{subsection.3.3.4}{\376\377\0003\000.\0003\000.\0004\000\040\173\227\154\325}{section.3.3}% 44
\BOOKMARK [2][-]{subsection.3.3.5}{\376\377\0003\000.\0003\000.\0005\000\040\123\302\200\003\145\207\163\056\137\025\165\050}{section.3.3}% 45
\BOOKMARK [1][-]{section.3.4}{\376\377\0003\000.\0004\000\040\136\070\211\301\117\177\165\050\225\356\230\230}{chapter.3}% 46
\BOOKMARK [0][-]{chapter.4}{\376\377\173\054\126\333\172\340\000\040\000\040\174\373\176\337\213\276\213\241}{}% 47
\BOOKMARK [1][-]{section.4.1}{\376\377\0004\000.\0001\000\040\121\110\213\325\213\325\145\110\147\234}{chapter.4}% 48
\BOOKMARK [1][-]{section.4.2}{\376\377\0004\000.\0002\000\040\145\207\150\143\166\356\137\125\173\200\116\313}{chapter.4}% 49
\BOOKMARK [2][-]{subsection.4.2.1}{4.2.1\040Thesis.tex}{section.4.2}% 50
\BOOKMARK [2][-]{subsection.4.2.2}{\376\377\0004\000.\0002\000.\0002\000\040\177\026\213\321\201\032\147\054}{section.4.2}% 51
\BOOKMARK [2][-]{subsection.4.2.3}{\376\377\0004\000.\0002\000.\0003\000\040\000T\000m\000p\145\207\116\366\131\071}{section.4.2}% 52
\BOOKMARK [2][-]{subsection.4.2.4}{\376\377\0004\000.\0002\000.\0004\000\040\000S\000t\000y\000l\000e\145\207\116\366\131\071}{section.4.2}% 53
\BOOKMARK [2][-]{subsection.4.2.5}{\376\377\0004\000.\0002\000.\0005\000\040\000T\000e\000x\145\207\116\366\131\071}{section.4.2}% 54
\BOOKMARK [2][-]{subsection.4.2.6}{\376\377\0004\000.\0002\000.\0006\000\040\000I\000m\000g\145\207\116\366\131\071}{section.4.2}% 55
\BOOKMARK [2][-]{subsection.4.2.7}{\376\377\0004\000.\0002\000.\0007\000\040\000B\000i\000b\000l\000i\000o\145\207\116\366\131\071}{section.4.2}% 56
\BOOKMARK [1][-]{section.4.3}{\376\377\0004\000.\0003\000\040\145\160\133\146\121\154\137\017\060\001\126\376\210\150\060\001\123\302\200\003\145\207\163\056\173\111\122\237\200\375}{chapter.4}% 57
\BOOKMARK [2][-]{subsection.4.3.1}{\376\377\0004\000.\0003\000.\0001\000\040\145\160\133\146\121\154\137\017}{section.4.3}% 58
\BOOKMARK [2][-]{subsection.4.3.2}{\376\377\0004\000.\0003\000.\0002\000\040\210\150\150\074}{section.4.3}% 59
\BOOKMARK [2][-]{subsection.4.3.3}{\376\377\0004\000.\0003\000.\0003\000\040\126\376\162\107\143\322\121\145}{section.4.3}% 60
\BOOKMARK [2][-]{subsection.4.3.4}{\376\377\0004\000.\0003\000.\0004\000\040\173\227\154\325}{section.4.3}% 61
\BOOKMARK [2][-]{subsection.4.3.5}{\376\377\0004\000.\0003\000.\0005\000\040\123\302\200\003\145\207\163\056\137\025\165\050}{section.4.3}% 62
\BOOKMARK [1][-]{section.4.4}{\376\377\0004\000.\0004\000\040\136\070\211\301\117\177\165\050\225\356\230\230}{chapter.4}% 63
\BOOKMARK [0][-]{chapter.5}{\376\377\173\054\116\224\172\340\000\040\000\040\140\073\176\323\116\016\134\125\147\033}{}% 64
\BOOKMARK [1][-]{section.5.1}{\376\377\0005\000.\0001\000\040\121\110\213\325\213\325\145\110\147\234}{chapter.5}% 65
\BOOKMARK [1][-]{section.5.2}{\376\377\0005\000.\0002\000\040\145\207\150\143\166\356\137\125\173\200\116\313}{chapter.5}% 66
\BOOKMARK [2][-]{subsection.5.2.1}{5.2.1\040Thesis.tex}{section.5.2}% 67
\BOOKMARK [2][-]{subsection.5.2.2}{\376\377\0005\000.\0002\000.\0002\000\040\177\026\213\321\201\032\147\054}{section.5.2}% 68
\BOOKMARK [2][-]{subsection.5.2.3}{\376\377\0005\000.\0002\000.\0003\000\040\000T\000m\000p\145\207\116\366\131\071}{section.5.2}% 69
\BOOKMARK [2][-]{subsection.5.2.4}{\376\377\0005\000.\0002\000.\0004\000\040\000S\000t\000y\000l\000e\145\207\116\366\131\071}{section.5.2}% 70
\BOOKMARK [2][-]{subsection.5.2.5}{\376\377\0005\000.\0002\000.\0005\000\040\000T\000e\000x\145\207\116\366\131\071}{section.5.2}% 71
\BOOKMARK [2][-]{subsection.5.2.6}{\376\377\0005\000.\0002\000.\0006\000\040\000I\000m\000g\145\207\116\366\131\071}{section.5.2}% 72
\BOOKMARK [2][-]{subsection.5.2.7}{\376\377\0005\000.\0002\000.\0007\000\040\000B\000i\000b\000l\000i\000o\145\207\116\366\131\071}{section.5.2}% 73
\BOOKMARK [1][-]{section.5.3}{\376\377\0005\000.\0003\000\040\145\160\133\146\121\154\137\017\060\001\126\376\210\150\060\001\123\302\200\003\145\207\163\056\173\111\122\237\200\375}{chapter.5}% 74
\BOOKMARK [2][-]{subsection.5.3.1}{\376\377\0005\000.\0003\000.\0001\000\040\145\160\133\146\121\154\137\017}{section.5.3}% 75
\BOOKMARK [2][-]{subsection.5.3.2}{\376\377\0005\000.\0003\000.\0002\000\040\210\150\150\074}{section.5.3}% 76
\BOOKMARK [2][-]{subsection.5.3.3}{\376\377\0005\000.\0003\000.\0003\000\040\126\376\162\107\143\322\121\145}{section.5.3}% 77
\BOOKMARK [2][-]{subsection.5.3.4}{\376\377\0005\000.\0003\000.\0004\000\040\173\227\154\325}{section.5.3}% 78
\BOOKMARK [2][-]{subsection.5.3.5}{\376\377\0005\000.\0003\000.\0005\000\040\123\302\200\003\145\207\163\056\137\025\165\050}{section.5.3}% 79
\BOOKMARK [1][-]{section.5.4}{\376\377\0005\000.\0004\000\040\136\070\211\301\117\177\165\050\225\356\230\230}{chapter.5}% 80
\BOOKMARK [0][-]{appendix.A}{\376\377\226\104\137\125\000\040\000A\000\040\000\040\226\104\137\125}{}% 81
\BOOKMARK [1][-]{section.A.1}{\376\377\000A\000.\0001\000\040\213\272\145\207\145\340\226\104\137\125\200\005\145\340\227\000\226\104\137\125\220\350\122\006}{appendix.A}% 82
\BOOKMARK [1][-]{section.A.2}{\376\377\000A\000.\0002\000\040\155\113\213\325\121\154\137\017\177\026\123\367}{appendix.A}% 83
\BOOKMARK [1][-]{section.A.3}{\376\377\000A\000.\0003\000\040\155\113\213\325\165\037\120\373\133\127}{appendix.A}% 84
\BOOKMARK [0][-]{section*.27}{\376\377\123\302\200\003\145\207\163\056}{}% 85
\BOOKMARK [0][-]{appendix*.29}{\376\377\145\073\213\373\123\132\130\353\000/\170\125\130\353\133\146\117\115\147\037\225\364\123\326\137\227\166\204\171\321\170\024\142\020\147\234}{}% 86
\BOOKMARK [0][-]{appendix*.33}{\376\377\117\134\200\005\173\200\116\313}{}% 87
